<?xml version="1.0" encoding="UTF-8"?>
<!-- Generated by org.testng.reporters.JUnitReportReporter -->
<testsuite hostname="HarPalDiv" failures="0" tests="1" name="com.testautomation.apitesting.tests.PutAPIRequest" time="6.810" errors="0" timestamp="2023-07-12T01:39:26 IST" skipped="0">
  <testcase classname="com.testautomation.apitesting.tests.PutAPIRequest" name="putAPIRequest" time="6.810"/>
  <system-out/>
</testsuite> <!-- com.testautomation.apitesting.tests.PutAPIRequest -->
