<?xml version="1.0" encoding="UTF-8"?>
<!-- Generated by org.testng.reporters.JUnitReportReporter -->
<testsuite hostname="HarPalDiv" failures="0" tests="1" name="com.testautomation.apitesting.tests.PostAPIRequestUsingFile" time="4.815" errors="0" timestamp="2023-07-10T20:22:10 IST" skipped="0">
  <testcase classname="com.testautomation.apitesting.tests.PostAPIRequestUsingFile" name="PostAPIRequest" time="4.815"/>
  <system-out/>
</testsuite> <!-- com.testautomation.apitesting.tests.PostAPIRequestUsingFile -->
