<?xml version="1.0" encoding="UTF-8"?>
<!-- Generated by org.testng.reporters.JUnitReportReporter -->
<testsuite hostname="HarPalDiv" failures="0" tests="1" name="com.testautomation.apitesting.tests.GETAPIRequest" time="3.247" errors="0" timestamp="2023-07-10T15:51:23 IST" skipped="0">
  <testcase classname="com.testautomation.apitesting.tests.GETAPIRequest" name="getAllBooking" time="3.247"/>
  <system-out/>
</testsuite> <!-- com.testautomation.apitesting.tests.GETAPIRequest -->
