<?xml version="1.0" encoding="UTF-8"?>
<!-- Generated by org.testng.reporters.JUnitReportReporter -->
<testsuite hostname="HarPalDiv" failures="0" tests="1" name="com.testautomation.apitesting.tests.EndToEndAPITest" time="10.185" errors="0" timestamp="2023-07-12T02:11:56 IST" skipped="0">
  <testcase classname="com.testautomation.apitesting.tests.EndToEndAPITest" name="patchAPIRequest" time="10.185"/>
  <system-out/>
</testsuite> <!-- com.testautomation.apitesting.tests.EndToEndAPITest -->
