<?xml version="1.0" encoding="UTF-8"?>
<!-- Generated by org.testng.reporters.JUnitReportReporter -->
<testsuite hostname="HarPalDiv" failures="0" tests="1" name="com.testautomation.apitesting.tests.PostAPIRequestUsingPojos" time="5.978" errors="0" timestamp="2023-07-11T00:56:30 IST" skipped="0">
  <testcase classname="com.testautomation.apitesting.tests.PostAPIRequestUsingPojos" name="postAPIRequest" time="5.978"/>
  <system-out/>
</testsuite> <!-- com.testautomation.apitesting.tests.PostAPIRequestUsingPojos -->
