<?xml version="1.0" encoding="UTF-8"?>
<!-- Generated by org.testng.reporters.JUnitReportReporter -->
<testsuite hostname="HarPalDiv" failures="0" tests="1" name="com.testautomation.apitesting.tests.POSTAPIResquest" time="5.287" errors="0" timestamp="2023-07-10T19:10:10 IST" skipped="0">
  <testcase classname="com.testautomation.apitesting.tests.POSTAPIResquest" name="createBooking" time="5.287"/>
  <system-out/>
</testsuite> <!-- com.testautomation.apitesting.tests.POSTAPIResquest -->
