<?xml version="1.0" encoding="UTF-8"?>
<!-- Generated by org.testng.reporters.JUnitReportReporter -->
<testsuite hostname="HarPalDiv" failures="0" tests="1" name="com.testautomation.apitesting.tests.PatchAPIRequest" time="8.846" errors="0" timestamp="2023-07-12T01:59:08 IST" skipped="0">
  <testcase classname="com.testautomation.apitesting.tests.PatchAPIRequest" name="patchAPIRequest" time="8.846"/>
  <system-out/>
</testsuite> <!-- com.testautomation.apitesting.tests.PatchAPIRequest -->
