<?xml version="1.0" encoding="UTF-8"?>
<!-- Generated by org.testng.reporters.JUnitReportReporter -->
<testsuite hostname="HarPalDiv" failures="0" tests="4" name="com.testautomation.apitesting.tests.DataDrivenTestingUsingJSONFile" time="8.336" errors="0" timestamp="2023-07-16T21:30:36 IST" skipped="0">
  <testcase classname="com.testautomation.apitesting.tests.DataDrivenTestingUsingJSONFile" name="DataDrivenTestingusingJSON" time="1.185"/>
  <system-out/>
  <testcase classname="com.testautomation.apitesting.tests.DataDrivenTestingUsingJSONFile" name="DataDrivenTestingusingJSON" time="1.140"/>
  <system-out/>
  <testcase classname="com.testautomation.apitesting.tests.DataDrivenTestingUsingJSONFile" name="DataDrivenTestingusingJSON" time="4.845"/>
  <system-out/>
  <testcase classname="com.testautomation.apitesting.tests.DataDrivenTestingUsingJSONFile" name="DataDrivenTestingusingJSON" time="1.166"/>
  <system-out/>
</testsuite> <!-- com.testautomation.apitesting.tests.DataDrivenTestingUsingJSONFile -->
